
2023-03-28 21:46:41.790 [main] INFO  calculator.Calculator - [SQ ROOT] - 0.25
2023-03-28 21:46:41.792 [main] INFO  calculator.Calculator - [RESULT - SQ ROOT] - 0.5
2023-03-28 21:46:41.792 [main] INFO  calculator.Calculator - [SQ ROOT] - 9.0
2023-03-28 21:46:41.792 [main] INFO  calculator.Calculator - [RESULT - SQ ROOT] - 3.0
2023-03-28 21:46:41.793 [main] INFO  calculator.Calculator - [NATURAL LOG] - 1.0
2023-03-28 21:46:41.793 [main] INFO  calculator.Calculator - [RESULT - NATURAL LOG] - 0.0
2023-03-28 21:46:41.793 [main] INFO  calculator.Calculator - [NATURAL LOG] - 1.0
2023-03-28 21:46:41.793 [main] INFO  calculator.Calculator - [RESULT - NATURAL LOG] - 0.0
2023-03-28 21:46:41.794 [main] INFO  calculator.Calculator - [POWER - 1.0 RAISED TO] 100000.0
2023-03-28 21:46:41.794 [main] INFO  calculator.Calculator - [RESULT - POWER] - 1.0
2023-03-28 21:46:41.794 [main] INFO  calculator.Calculator - [POWER - 6.0 RAISED TO] 5.0
2023-03-28 21:46:41.794 [main] INFO  calculator.Calculator - [RESULT - POWER] - 7776.0
2023-03-28 21:46:41.794 [main] INFO  calculator.Calculator - [POWER - 5.0 RAISED TO] 3.0
2023-03-28 21:46:41.794 [main] INFO  calculator.Calculator - [RESULT - POWER] - 125.0
2023-03-28 21:46:41.795 [main] INFO  calculator.Calculator - [POWER - 10.0 RAISED TO] 4.0
2023-03-28 21:46:41.795 [main] INFO  calculator.Calculator - [RESULT - POWER] - 10000.0
2023-03-28 21:46:41.795 [main] INFO  calculator.Calculator - [NATURAL LOG] - 0.6739
2023-03-28 21:46:41.795 [main] INFO  calculator.Calculator - [RESULT - NATURAL LOG] - -0.39467354702996565
2023-03-28 21:46:41.796 [main] INFO  calculator.Calculator - [NATURAL LOG] - 2.0
2023-03-28 21:46:41.796 [main] INFO  calculator.Calculator - [RESULT - NATURAL LOG] - 0.6931471805599453
2023-03-28 21:46:41.796 [main] INFO  calculator.Calculator - [SQ ROOT] - 36100.0
2023-03-28 21:46:41.796 [main] INFO  calculator.Calculator - [RESULT - SQ ROOT] - 190.0
2023-03-28 21:46:41.797 [main] INFO  calculator.Calculator - [SQ ROOT] - 400.0
2023-03-28 21:46:41.797 [main] INFO  calculator.Calculator - [RESULT - SQ ROOT] - 20.0
2023-03-30 18:46:44.960 [main] INFO  calculator.Calculator - [SQ ROOT] - 0.25
2023-03-30 18:46:44.961 [main] INFO  calculator.Calculator - [RESULT - SQ ROOT] - 0.5
2023-03-30 18:46:44.961 [main] INFO  calculator.Calculator - [SQ ROOT] - 9.0
2023-03-30 18:46:44.962 [main] INFO  calculator.Calculator - [RESULT - SQ ROOT] - 3.0
2023-03-30 18:46:44.962 [main] INFO  calculator.Calculator - [NATURAL LOG] - 1.0
2023-03-30 18:46:44.962 [main] INFO  calculator.Calculator - [RESULT - NATURAL LOG] - 0.0
2023-03-30 18:46:44.962 [main] INFO  calculator.Calculator - [NATURAL LOG] - 1.0
2023-03-30 18:46:44.962 [main] INFO  calculator.Calculator - [RESULT - NATURAL LOG] - 0.0
2023-03-30 18:46:44.963 [main] INFO  calculator.Calculator - [POWER - 1.0 RAISED TO] 100000.0
2023-03-30 18:46:44.963 [main] INFO  calculator.Calculator - [RESULT - POWER] - 1.0
2023-03-30 18:46:44.963 [main] INFO  calculator.Calculator - [POWER - 6.0 RAISED TO] 5.0
2023-03-30 18:46:44.963 [main] INFO  calculator.Calculator - [RESULT - POWER] - 7776.0
2023-03-30 18:46:44.963 [main] INFO  calculator.Calculator - [POWER - 5.0 RAISED TO] 3.0
2023-03-30 18:46:44.963 [main] INFO  calculator.Calculator - [RESULT - POWER] - 125.0
2023-03-30 18:46:44.964 [main] INFO  calculator.Calculator - [POWER - 10.0 RAISED TO] 4.0
2023-03-30 18:46:44.964 [main] INFO  calculator.Calculator - [RESULT - POWER] - 10000.0
2023-03-30 18:46:44.964 [main] INFO  calculator.Calculator - [NATURAL LOG] - 0.6739
2023-03-30 18:46:44.964 [main] INFO  calculator.Calculator - [RESULT - NATURAL LOG] - -0.39467354702996565
2023-03-30 18:46:44.964 [main] INFO  calculator.Calculator - [NATURAL LOG] - 2.0
2023-03-30 18:46:44.964 [main] INFO  calculator.Calculator - [RESULT - NATURAL LOG] - 0.6931471805599453
2023-03-30 18:46:44.965 [main] INFO  calculator.Calculator - [SQ ROOT] - 36100.0
2023-03-30 18:46:44.965 [main] INFO  calculator.Calculator - [RESULT - SQ ROOT] - 190.0
2023-03-30 18:46:44.965 [main] INFO  calculator.Calculator - [SQ ROOT] - 400.0
2023-03-30 18:46:44.965 [main] INFO  calculator.Calculator - [RESULT - SQ ROOT] - 20.0
2023-03-30 19:27:04.087 [main] INFO  calculator.Calculator - [SQ ROOT] - 0.25
2023-03-30 19:27:04.089 [main] INFO  calculator.Calculator - [RESULT - SQ ROOT] - 0.5
2023-03-30 19:27:04.089 [main] INFO  calculator.Calculator - [SQ ROOT] - 9.0
2023-03-30 19:27:04.089 [main] INFO  calculator.Calculator - [RESULT - SQ ROOT] - 3.0
2023-03-30 19:27:04.090 [main] INFO  calculator.Calculator - [NATURAL LOG] - 1.0
2023-03-30 19:27:04.090 [main] INFO  calculator.Calculator - [RESULT - NATURAL LOG] - 0.0
2023-03-30 19:27:04.090 [main] INFO  calculator.Calculator - [NATURAL LOG] - 1.0
2023-03-30 19:27:04.090 [main] INFO  calculator.Calculator - [RESULT - NATURAL LOG] - 0.0
2023-03-30 19:27:04.091 [main] INFO  calculator.Calculator - [POWER - 1.0 RAISED TO] 100000.0
2023-03-30 19:27:04.091 [main] INFO  calculator.Calculator - [RESULT - POWER] - 1.0
2023-03-30 19:27:04.091 [main] INFO  calculator.Calculator - [POWER - 6.0 RAISED TO] 5.0
2023-03-30 19:27:04.091 [main] INFO  calculator.Calculator - [RESULT - POWER] - 7776.0
2023-03-30 19:27:04.092 [main] INFO  calculator.Calculator - [POWER - 5.0 RAISED TO] 3.0
2023-03-30 19:27:04.093 [main] INFO  calculator.Calculator - [RESULT - POWER] - 125.0
2023-03-30 19:27:04.093 [main] INFO  calculator.Calculator - [POWER - 10.0 RAISED TO] 4.0
2023-03-30 19:27:04.094 [main] INFO  calculator.Calculator - [RESULT - POWER] - 10000.0
2023-03-30 19:27:04.096 [main] INFO  calculator.Calculator - [NATURAL LOG] - 0.6739
2023-03-30 19:27:04.096 [main] INFO  calculator.Calculator - [RESULT - NATURAL LOG] - -0.39467354702996565
2023-03-30 19:27:04.097 [main] INFO  calculator.Calculator - [NATURAL LOG] - 2.0
2023-03-30 19:27:04.097 [main] INFO  calculator.Calculator - [RESULT - NATURAL LOG] - 0.6931471805599453
2023-03-30 19:27:04.098 [main] INFO  calculator.Calculator - [SQ ROOT] - 36100.0
2023-03-30 19:27:04.099 [main] INFO  calculator.Calculator - [RESULT - SQ ROOT] - 190.0
2023-03-30 19:27:04.100 [main] INFO  calculator.Calculator - [SQ ROOT] - 400.0
2023-03-30 19:27:04.101 [main] INFO  calculator.Calculator - [RESULT - SQ ROOT] - 20.0
2023-03-30 19:34:31.738 [main] INFO  calculator.Calculator - [SQ ROOT] - 0.25
2023-03-30 19:34:31.740 [main] INFO  calculator.Calculator - [RESULT - SQ ROOT] - 0.5
2023-03-30 19:34:31.740 [main] INFO  calculator.Calculator - [SQ ROOT] - 9.0
2023-03-30 19:34:31.740 [main] INFO  calculator.Calculator - [RESULT - SQ ROOT] - 3.0
2023-03-30 19:34:31.741 [main] INFO  calculator.Calculator - [NATURAL LOG] - 1.0
2023-03-30 19:34:31.741 [main] INFO  calculator.Calculator - [RESULT - NATURAL LOG] - 0.0
2023-03-30 19:34:31.741 [main] INFO  calculator.Calculator - [NATURAL LOG] - 1.0
2023-03-30 19:34:31.741 [main] INFO  calculator.Calculator - [RESULT - NATURAL LOG] - 0.0
2023-03-30 19:34:31.741 [main] INFO  calculator.Calculator - [POWER - 1.0 RAISED TO] 100000.0
2023-03-30 19:34:31.742 [main] INFO  calculator.Calculator - [RESULT - POWER] - 1.0
2023-03-30 19:34:31.742 [main] INFO  calculator.Calculator - [POWER - 6.0 RAISED TO] 5.0
2023-03-30 19:34:31.742 [main] INFO  calculator.Calculator - [RESULT - POWER] - 7776.0
2023-03-30 19:34:31.742 [main] INFO  calculator.Calculator - [POWER - 5.0 RAISED TO] 3.0
2023-03-30 19:34:31.742 [main] INFO  calculator.Calculator - [RESULT - POWER] - 125.0
2023-03-30 19:34:31.742 [main] INFO  calculator.Calculator - [POWER - 10.0 RAISED TO] 4.0
2023-03-30 19:34:31.743 [main] INFO  calculator.Calculator - [RESULT - POWER] - 10000.0
2023-03-30 19:34:31.743 [main] INFO  calculator.Calculator - [NATURAL LOG] - 0.6739
2023-03-30 19:34:31.743 [main] INFO  calculator.Calculator - [RESULT - NATURAL LOG] - -0.39467354702996565
2023-03-30 19:34:31.743 [main] INFO  calculator.Calculator - [NATURAL LOG] - 2.0
2023-03-30 19:34:31.743 [main] INFO  calculator.Calculator - [RESULT - NATURAL LOG] - 0.6931471805599453
2023-03-30 19:34:31.743 [main] INFO  calculator.Calculator - [SQ ROOT] - 36100.0
2023-03-30 19:34:31.744 [main] INFO  calculator.Calculator - [RESULT - SQ ROOT] - 190.0
2023-03-30 19:34:31.744 [main] INFO  calculator.Calculator - [SQ ROOT] - 400.0
2023-03-30 19:34:31.744 [main] INFO  calculator.Calculator - [RESULT - SQ ROOT] - 20.0
2023-03-30 19:50:27.153 [main] INFO  calculator.Calculator - [SQ ROOT] - 0.25
2023-03-30 19:50:27.155 [main] INFO  calculator.Calculator - [RESULT - SQ ROOT] - 0.5
2023-03-30 19:50:27.155 [main] INFO  calculator.Calculator - [SQ ROOT] - 9.0
2023-03-30 19:50:27.155 [main] INFO  calculator.Calculator - [RESULT - SQ ROOT] - 3.0
2023-03-30 19:50:27.155 [main] INFO  calculator.Calculator - [NATURAL LOG] - 1.0
2023-03-30 19:50:27.156 [main] INFO  calculator.Calculator - [RESULT - NATURAL LOG] - 0.0
2023-03-30 19:50:27.156 [main] INFO  calculator.Calculator - [NATURAL LOG] - 1.0
2023-03-30 19:50:27.156 [main] INFO  calculator.Calculator - [RESULT - NATURAL LOG] - 0.0
2023-03-30 19:50:27.156 [main] INFO  calculator.Calculator - [POWER - 1.0 RAISED TO] 100000.0
2023-03-30 19:50:27.157 [main] INFO  calculator.Calculator - [RESULT - POWER] - 1.0
2023-03-30 19:50:27.157 [main] INFO  calculator.Calculator - [POWER - 6.0 RAISED TO] 5.0
2023-03-30 19:50:27.157 [main] INFO  calculator.Calculator - [RESULT - POWER] - 7776.0
2023-03-30 19:50:27.157 [main] INFO  calculator.Calculator - [POWER - 5.0 RAISED TO] 3.0
2023-03-30 19:50:27.157 [main] INFO  calculator.Calculator - [RESULT - POWER] - 125.0
2023-03-30 19:50:27.157 [main] INFO  calculator.Calculator - [POWER - 10.0 RAISED TO] 4.0
2023-03-30 19:50:27.157 [main] INFO  calculator.Calculator - [RESULT - POWER] - 10000.0
2023-03-30 19:50:27.158 [main] INFO  calculator.Calculator - [NATURAL LOG] - 0.6739
2023-03-30 19:50:27.158 [main] INFO  calculator.Calculator - [RESULT - NATURAL LOG] - -0.39467354702996565
2023-03-30 19:50:27.158 [main] INFO  calculator.Calculator - [NATURAL LOG] - 2.0
2023-03-30 19:50:27.158 [main] INFO  calculator.Calculator - [RESULT - NATURAL LOG] - 0.6931471805599453
2023-03-30 19:50:27.158 [main] INFO  calculator.Calculator - [SQ ROOT] - 36100.0
2023-03-30 19:50:27.158 [main] INFO  calculator.Calculator - [RESULT - SQ ROOT] - 190.0
2023-03-30 19:50:27.159 [main] INFO  calculator.Calculator - [SQ ROOT] - 400.0
2023-03-30 19:50:27.159 [main] INFO  calculator.Calculator - [RESULT - SQ ROOT] - 20.0
2023-03-30 20:46:22.837 [main] INFO  calculator.Calculator - [SQ ROOT] - 0.25
2023-03-30 20:46:22.839 [main] INFO  calculator.Calculator - [RESULT - SQ ROOT] - 0.5
2023-03-30 20:46:22.839 [main] INFO  calculator.Calculator - [SQ ROOT] - 9.0
2023-03-30 20:46:22.839 [main] INFO  calculator.Calculator - [RESULT - SQ ROOT] - 3.0
2023-03-30 20:46:22.841 [main] INFO  calculator.Calculator - [NATURAL LOG] - 1.0
2023-03-30 20:46:22.842 [main] INFO  calculator.Calculator - [RESULT - NATURAL LOG] - 0.0
2023-03-30 20:46:22.843 [main] INFO  calculator.Calculator - [NATURAL LOG] - 1.0
2023-03-30 20:46:22.844 [main] INFO  calculator.Calculator - [RESULT - NATURAL LOG] - 0.0
2023-03-30 20:46:22.847 [main] INFO  calculator.Calculator - [POWER - 1.0 RAISED TO] 100000.0
2023-03-30 20:46:22.848 [main] INFO  calculator.Calculator - [RESULT - POWER] - 1.0
2023-03-30 20:46:22.849 [main] INFO  calculator.Calculator - [POWER - 6.0 RAISED TO] 5.0
2023-03-30 20:46:22.850 [main] INFO  calculator.Calculator - [RESULT - POWER] - 7776.0
2023-03-30 20:46:22.851 [main] INFO  calculator.Calculator - [POWER - 5.0 RAISED TO] 3.0
2023-03-30 20:46:22.852 [main] INFO  calculator.Calculator - [RESULT - POWER] - 125.0
2023-03-30 20:46:22.852 [main] INFO  calculator.Calculator - [POWER - 10.0 RAISED TO] 4.0
2023-03-30 20:46:22.852 [main] INFO  calculator.Calculator - [RESULT - POWER] - 10000.0
2023-03-30 20:46:22.853 [main] INFO  calculator.Calculator - [NATURAL LOG] - 0.6739
2023-03-30 20:46:22.854 [main] INFO  calculator.Calculator - [RESULT - NATURAL LOG] - -0.39467354702996565
2023-03-30 20:46:22.855 [main] INFO  calculator.Calculator - [NATURAL LOG] - 2.0
2023-03-30 20:46:22.856 [main] INFO  calculator.Calculator - [RESULT - NATURAL LOG] - 0.6931471805599453
2023-03-30 20:46:22.857 [main] INFO  calculator.Calculator - [SQ ROOT] - 36100.0
2023-03-30 20:46:22.858 [main] INFO  calculator.Calculator - [RESULT - SQ ROOT] - 190.0
2023-03-30 20:46:22.859 [main] INFO  calculator.Calculator - [SQ ROOT] - 400.0
2023-03-30 20:46:22.860 [main] INFO  calculator.Calculator - [RESULT - SQ ROOT] - 20.0
2023-03-30 20:51:26.874 [main] INFO  calculator.Calculator - [SQ ROOT] - 0.25
2023-03-30 20:51:26.877 [main] INFO  calculator.Calculator - [RESULT - SQ ROOT] - 0.5
2023-03-30 20:51:26.877 [main] INFO  calculator.Calculator - [SQ ROOT] - 9.0
2023-03-30 20:51:26.877 [main] INFO  calculator.Calculator - [RESULT - SQ ROOT] - 3.0
2023-03-30 20:51:26.877 [main] INFO  calculator.Calculator - [NATURAL LOG] - 1.0
2023-03-30 20:51:26.878 [main] INFO  calculator.Calculator - [RESULT - NATURAL LOG] - 0.0
2023-03-30 20:51:26.878 [main] INFO  calculator.Calculator - [NATURAL LOG] - 1.0
2023-03-30 20:51:26.878 [main] INFO  calculator.Calculator - [RESULT - NATURAL LOG] - 0.0
2023-03-30 20:51:26.879 [main] INFO  calculator.Calculator - [POWER - 1.0 RAISED TO] 100000.0
2023-03-30 20:51:26.879 [main] INFO  calculator.Calculator - [RESULT - POWER] - 1.0
2023-03-30 20:51:26.879 [main] INFO  calculator.Calculator - [POWER - 6.0 RAISED TO] 5.0
2023-03-30 20:51:26.879 [main] INFO  calculator.Calculator - [RESULT - POWER] - 7776.0
2023-03-30 20:51:26.879 [main] INFO  calculator.Calculator - [POWER - 5.0 RAISED TO] 3.0
2023-03-30 20:51:26.879 [main] INFO  calculator.Calculator - [RESULT - POWER] - 125.0
2023-03-30 20:51:26.880 [main] INFO  calculator.Calculator - [POWER - 10.0 RAISED TO] 4.0
2023-03-30 20:51:26.880 [main] INFO  calculator.Calculator - [RESULT - POWER] - 10000.0
2023-03-30 20:51:26.880 [main] INFO  calculator.Calculator - [NATURAL LOG] - 0.6739
2023-03-30 20:51:26.880 [main] INFO  calculator.Calculator - [RESULT - NATURAL LOG] - -0.39467354702996565
2023-03-30 20:51:26.880 [main] INFO  calculator.Calculator - [NATURAL LOG] - 2.0
2023-03-30 20:51:26.881 [main] INFO  calculator.Calculator - [RESULT - NATURAL LOG] - 0.6931471805599453
2023-03-30 20:51:26.881 [main] INFO  calculator.Calculator - [SQ ROOT] - 36100.0
2023-03-30 20:51:26.881 [main] INFO  calculator.Calculator - [RESULT - SQ ROOT] - 190.0
2023-03-30 20:51:26.881 [main] INFO  calculator.Calculator - [SQ ROOT] - 400.0
2023-03-30 20:51:26.881 [main] INFO  calculator.Calculator - [RESULT - SQ ROOT] - 20.0
2023-03-30 20:54:16.549 [main] INFO  calculator.Calculator - [SQ ROOT] - 0.25
2023-03-30 20:54:16.550 [main] INFO  calculator.Calculator - [RESULT - SQ ROOT] - 0.5
2023-03-30 20:54:16.550 [main] INFO  calculator.Calculator - [SQ ROOT] - 9.0
2023-03-30 20:54:16.551 [main] INFO  calculator.Calculator - [RESULT - SQ ROOT] - 3.0
2023-03-30 20:54:16.552 [main] INFO  calculator.Calculator - [NATURAL LOG] - 1.0
2023-03-30 20:54:16.553 [main] INFO  calculator.Calculator - [RESULT - NATURAL LOG] - 0.0
2023-03-30 20:54:16.553 [main] INFO  calculator.Calculator - [NATURAL LOG] - 1.0
2023-03-30 20:54:16.554 [main] INFO  calculator.Calculator - [RESULT - NATURAL LOG] - 0.0
2023-03-30 20:54:16.556 [main] INFO  calculator.Calculator - [POWER - 1.0 RAISED TO] 100000.0
2023-03-30 20:54:16.557 [main] INFO  calculator.Calculator - [RESULT - POWER] - 1.0
2023-03-30 20:54:16.557 [main] INFO  calculator.Calculator - [POWER - 6.0 RAISED TO] 5.0
2023-03-30 20:54:16.558 [main] INFO  calculator.Calculator - [RESULT - POWER] - 7776.0
2023-03-30 20:54:16.559 [main] INFO  calculator.Calculator - [POWER - 5.0 RAISED TO] 3.0
2023-03-30 20:54:16.559 [main] INFO  calculator.Calculator - [RESULT - POWER] - 125.0
2023-03-30 20:54:16.560 [main] INFO  calculator.Calculator - [POWER - 10.0 RAISED TO] 4.0
2023-03-30 20:54:16.560 [main] INFO  calculator.Calculator - [RESULT - POWER] - 10000.0
2023-03-30 20:54:16.562 [main] INFO  calculator.Calculator - [NATURAL LOG] - 0.6739
2023-03-30 20:54:16.562 [main] INFO  calculator.Calculator - [RESULT - NATURAL LOG] - -0.39467354702996565
2023-03-30 20:54:16.563 [main] INFO  calculator.Calculator - [NATURAL LOG] - 2.0
2023-03-30 20:54:16.563 [main] INFO  calculator.Calculator - [RESULT - NATURAL LOG] - 0.6931471805599453
2023-03-30 20:54:16.564 [main] INFO  calculator.Calculator - [SQ ROOT] - 36100.0
2023-03-30 20:54:16.565 [main] INFO  calculator.Calculator - [RESULT - SQ ROOT] - 190.0
2023-03-30 20:54:16.565 [main] INFO  calculator.Calculator - [SQ ROOT] - 400.0
2023-03-30 20:54:16.565 [main] INFO  calculator.Calculator - [RESULT - SQ ROOT] - 20.0
2023-03-30 20:59:33.273 [main] INFO  calculator.Calculator - [SQ ROOT] - 0.25
2023-03-30 20:59:33.275 [main] INFO  calculator.Calculator - [RESULT - SQ ROOT] - 0.5
2023-03-30 20:59:33.275 [main] INFO  calculator.Calculator - [SQ ROOT] - 9.0
2023-03-30 20:59:33.275 [main] INFO  calculator.Calculator - [RESULT - SQ ROOT] - 3.0
2023-03-30 20:59:33.276 [main] INFO  calculator.Calculator - [NATURAL LOG] - 1.0
2023-03-30 20:59:33.276 [main] INFO  calculator.Calculator - [RESULT - NATURAL LOG] - 0.0
2023-03-30 20:59:33.276 [main] INFO  calculator.Calculator - [NATURAL LOG] - 1.0
2023-03-30 20:59:33.276 [main] INFO  calculator.Calculator - [RESULT - NATURAL LOG] - 0.0
2023-03-30 20:59:33.277 [main] INFO  calculator.Calculator - [POWER - 1.0 RAISED TO] 100000.0
2023-03-30 20:59:33.277 [main] INFO  calculator.Calculator - [RESULT - POWER] - 1.0
2023-03-30 20:59:33.277 [main] INFO  calculator.Calculator - [POWER - 6.0 RAISED TO] 5.0
2023-03-30 20:59:33.277 [main] INFO  calculator.Calculator - [RESULT - POWER] - 7776.0
2023-03-30 20:59:33.277 [main] INFO  calculator.Calculator - [POWER - 5.0 RAISED TO] 3.0
2023-03-30 20:59:33.278 [main] INFO  calculator.Calculator - [RESULT - POWER] - 125.0
2023-03-30 20:59:33.278 [main] INFO  calculator.Calculator - [POWER - 10.0 RAISED TO] 4.0
2023-03-30 20:59:33.278 [main] INFO  calculator.Calculator - [RESULT - POWER] - 10000.0
2023-03-30 20:59:33.278 [main] INFO  calculator.Calculator - [NATURAL LOG] - 0.6739
2023-03-30 20:59:33.278 [main] INFO  calculator.Calculator - [RESULT - NATURAL LOG] - -0.39467354702996565
2023-03-30 20:59:33.278 [main] INFO  calculator.Calculator - [NATURAL LOG] - 2.0
2023-03-30 20:59:33.279 [main] INFO  calculator.Calculator - [RESULT - NATURAL LOG] - 0.6931471805599453
2023-03-30 20:59:33.279 [main] INFO  calculator.Calculator - [SQ ROOT] - 36100.0
2023-03-30 20:59:33.279 [main] INFO  calculator.Calculator - [RESULT - SQ ROOT] - 190.0
2023-03-30 20:59:33.279 [main] INFO  calculator.Calculator - [SQ ROOT] - 400.0
2023-03-30 20:59:33.279 [main] INFO  calculator.Calculator - [RESULT - SQ ROOT] - 20.0
